<?xml version="1.0" encoding="UTF-8"?>
<Site BuildName="(empty)"
	BuildStamp="20240424-1516-Experimental"
	Name="(empty)"
	Generator="ctest-3.22.1"
	CompilerName=""
	CompilerVersion=""
	OSName="Linux"
	Hostname="VM-16-14-ubuntu"
	OSRelease="5.15.0-94-generic"
	OSVersion="#104-Ubuntu SMP Tue Jan 9 15:25:40 UTC 2024"
	OSPlatform="x86_64"
	Is64Bits="1"
	VendorString="GenuineIntel"
	VendorID="Intel Corporation"
	FamilyID="6"
	ModelID="94"
	ProcessorCacheSize="28160"
	NumberOfLogicalCPU="2"
	NumberOfPhysicalCPU="2"
	TotalVirtualMemory="0"
	TotalPhysicalMemory="3400"
	LogicalProcessorsPerPhysical="1"
	ProcessorClockFrequency="2494.13"
	>
	<Testing>
		<StartDateTime>Apr 24 23:16 CST</StartDateTime>
		<StartTestTime>1713971818</StartTestTime>
		<TestList/>
		<EndDateTime>Apr 24 23:16 CST</EndDateTime>
		<EndTestTime>1713971818</EndTestTime>
		<ElapsedMinutes>0</ElapsedMinutes>
	</Testing>
</Site>
